[35m[1mScanning dependencies of target opencv_version_test[0m
[ 50%] [32mBuilding CXX object CMakeFiles/opencv_version_test.dir/src/opencv_version_test.cpp.o[0m
/home/eh420/catkin_ws_opencv_version/src/opencv_version_test/src/opencv_version_test.cpp: In function â€˜int parseCmdArgs(int, char**)â€™:
/home/eh420/catkin_ws_opencv_version/src/opencv_version_test/src/opencv_version_test.cpp:284:35: error: â€˜CHANNELSâ€™ is not a member of â€˜cv::detail::ExposureCompensatorâ€™
                 expos_comp_type = ExposureCompensator::CHANNELS;
                                   ^
/home/eh420/catkin_ws_opencv_version/src/opencv_version_test/src/opencv_version_test.cpp:286:35: error: â€˜CHANNELS_BLOCKSâ€™ is not a member of â€˜cv::detail::ExposureCompensatorâ€™
                 expos_comp_type = ExposureCompensator::CHANNELS_BLOCKS;
                                   ^
/home/eh420/catkin_ws_opencv_version/src/opencv_version_test/src/opencv_version_test.cpp: In function â€˜int main(int, char**)â€™:
/home/eh420/catkin_ws_opencv_version/src/opencv_version_test/src/opencv_version_test.cpp:419:18: error: â€˜SIFTâ€™ has not been declared
         finder = SIFT::create();
                  ^
/home/eh420/catkin_ws_opencv_version/src/opencv_version_test/src/opencv_version_test.cpp:433:27: error: â€˜samplesâ€™ has not been declared
         full_img = imread(samples::findFile(img_names[i]));
                           ^
/home/eh420/catkin_ws_opencv_version/src/opencv_version_test/src/opencv_version_test.cpp:461:54: error: â€˜computeImageFeaturesâ€™ was not declared in this scope
         computeImageFeatures(finder, img, features[i]);
                                                      ^
/home/eh420/catkin_ws_opencv_version/src/opencv_version_test/src/opencv_version_test.cpp:668:23: error: â€˜class cv::detail::GainCompensatorâ€™ has no member named â€˜setNrFeedsâ€™
         gcompensator->setNrFeeds(expos_comp_nr_feeds);
                       ^
/home/eh420/catkin_ws_opencv_version/src/opencv_version_test/src/opencv_version_test.cpp:670:22: error: â€˜ChannelsCompensatorâ€™ does not name a type
     if (dynamic_cast<ChannelsCompensator*>(compensator.get()))
                      ^
/home/eh420/catkin_ws_opencv_version/src/opencv_version_test/src/opencv_version_test.cpp:670:41: error: expected â€˜>â€™ before â€˜*â€™ token
     if (dynamic_cast<ChannelsCompensator*>(compensator.get()))
                                         ^
/home/eh420/catkin_ws_opencv_version/src/opencv_version_test/src/opencv_version_test.cpp:670:41: error: expected â€˜(â€™ before â€˜*â€™ token
/home/eh420/catkin_ws_opencv_version/src/opencv_version_test/src/opencv_version_test.cpp:670:42: error: expected primary-expression before â€˜>â€™ token
     if (dynamic_cast<ChannelsCompensator*>(compensator.get()))
                                          ^
/home/eh420/catkin_ws_opencv_version/src/opencv_version_test/src/opencv_version_test.cpp:671:5: error: expected â€˜)â€™ before â€˜{â€™ token
     {
     ^
/home/eh420/catkin_ws_opencv_version/src/opencv_version_test/src/opencv_version_test.cpp:741:27: error: â€˜samplesâ€™ has not been declared
         full_img = imread(samples::findFile(img_names[img_idx]));
                           ^
CMakeFiles/opencv_version_test.dir/build.make:62: recipe for target 'CMakeFiles/opencv_version_test.dir/src/opencv_version_test.cpp.o' failed
make[2]: *** [CMakeFiles/opencv_version_test.dir/src/opencv_version_test.cpp.o] Error 1
CMakeFiles/Makefile2:67: recipe for target 'CMakeFiles/opencv_version_test.dir/all' failed
make[1]: *** [CMakeFiles/opencv_version_test.dir/all] Error 2
Makefile:138: recipe for target 'all' failed
make: *** [all] Error 2
