CMakeFiles/opencv_version_test.dir/src/opencv_version_test.cpp.o: In function `main':
opencv_version_test.cpp:(.text+0x70): undefined reference to `ros::init(int&, char**, std::__cxx11::basic_string<char, std::char_traits<char>, std::allocator<char> > const&, unsigned int)'
opencv_version_test.cpp:(.text+0xcc): undefined reference to `ros::NodeHandle::NodeHandle(std::__cxx11::basic_string<char, std::char_traits<char>, std::allocator<char> > const&, std::map<std::__cxx11::basic_string<char, std::char_traits<char>, std::allocator<char> >, std::__cxx11::basic_string<char, std::char_traits<char>, std::allocator<char> >, std::less<std::__cxx11::basic_string<char, std::char_traits<char>, std::allocator<char> > >, std::allocator<std::pair<std::__cxx11::basic_string<char, std::char_traits<char>, std::allocator<char> > const, std::__cxx11::basic_string<char, std::char_traits<char>, std::allocator<char> > > > > const&)'
opencv_version_test.cpp:(.text+0xfe): undefined reference to `ros::NodeHandle::~NodeHandle()'
opencv_version_test.cpp:(.text+0x16f): undefined reference to `ros::NodeHandle::~NodeHandle()'
opencv_version_test.cpp:(.text+0x1a0): undefined reference to `ros::NodeHandle::~NodeHandle()'
collect2: error: ld returned 1 exit status
make[2]: *** [opencv_version_test] Error 1
make[1]: *** [CMakeFiles/opencv_version_test.dir/all] Error 2
make: *** [all] Error 2
